<?xml version="1.0" encoding="UTF-8"?>
<<<<<<< HEAD
<testsuite name="Tests.KMLTest" tests="1" skipped="0" failures="0" errors="0" timestamp="2018-01-18T13:49:35" hostname="Dvir" time="1.76">
||||||| merged common ancestors
<testsuite name="Tests.KMLTest" tests="1" skipped="0" failures="0" errors="0" timestamp="2018-01-18T13:04:19" hostname="Dvir" time="1.886">
=======
<testsuite name="Tests.KMLTest" tests="1" skipped="0" failures="0" errors="0" timestamp="2018-01-18T14:05:07" hostname="DESKTOP-KO2QAKP" time="1.937">
>>>>>>> 4f5e494119c7ee7bc6ff2c7fc62e49168dd70eb4
  <properties/>
<<<<<<< HEAD
  <testcase name="testMakeKML" classname="Tests.KMLTest" time="1.76"/>
||||||| merged common ancestors
  <testcase name="testMakeKML" classname="Tests.KMLTest" time="1.886"/>
=======
  <testcase name="testMakeKML" classname="Tests.KMLTest" time="1.937"/>
>>>>>>> 4f5e494119c7ee7bc6ff2c7fc62e49168dd70eb4
  <system-out><![CDATA[]]></system-out>
  <system-err><![CDATA[]]></system-err>
</testsuite>
