<?xml version="1.0" encoding="UTF-8"?>
<testsuite name="Tests.DisplayMapTest" tests="4" skipped="0" failures="0" errors="0" timestamp="2018-01-18T13:04:19" hostname="Dvir" time="0.026">
  <properties/>
  <testcase name="testDisplayMap" classname="Tests.DisplayMapTest" time="0.001"/>
  <testcase name="testDisplayByTime" classname="Tests.DisplayMapTest" time="0.024"/>
  <testcase name="testDisplayByModel" classname="Tests.DisplayMapTest" time="0.0"/>
  <testcase name="testDisplayByPlace" classname="Tests.DisplayMapTest" time="0.001"/>
  <system-out><![CDATA[]]></system-out>
  <system-err><![CDATA[]]></system-err>
</testsuite>
