<?xml version="1.0" encoding="UTF-8"?>
<testsuite name="Tests.RowTest" tests="8" skipped="0" failures="0" errors="0" timestamp="2018-01-18T14:05:09" hostname="DESKTOP-KO2QAKP" time="0.03">
  <properties/>
  <testcase name="testAdd" classname="Tests.RowTest" time="0.0"/>
  <testcase name="testRow" classname="Tests.RowTest" time="0.0"/>
  <testcase name="testSize" classname="Tests.RowTest" time="0.0"/>
  <testcase name="testGetWiFi" classname="Tests.RowTest" time="0.0"/>
  <testcase name="testGetRow" classname="Tests.RowTest" time="0.0"/>
  <testcase name="testRowArrayListOfFile" classname="Tests.RowTest" time="0.028"/>
  <testcase name="testIsEmpty" classname="Tests.RowTest" time="0.001"/>
  <testcase name="testSetRow" classname="Tests.RowTest" time="0.0"/>
  <system-out><![CDATA[]]></system-out>
  <system-err><![CDATA[]]></system-err>
</testsuite>
