<?xml version="1.0" encoding="UTF-8"?>
<testsuite name="Tests.DisplayMapTest" tests="4" skipped="0" failures="0" errors="0" timestamp="2018-01-18T14:05:07" hostname="DESKTOP-KO2QAKP" time="0.029">
  <properties/>
  <testcase name="testDisplayMap" classname="Tests.DisplayMapTest" time="0.0"/>
  <testcase name="testDisplayByTime" classname="Tests.DisplayMapTest" time="0.027"/>
  <testcase name="testDisplayByModel" classname="Tests.DisplayMapTest" time="0.0"/>
  <testcase name="testDisplayByPlace" classname="Tests.DisplayMapTest" time="0.001"/>
  <system-out><![CDATA[]]></system-out>
  <system-err><![CDATA[]]></system-err>
</testsuite>
