<?xml version="1.0" encoding="UTF-8"?>
<testsuite name="Tests.AvgSamplePointTest" tests="5" skipped="0" failures="0" errors="0" timestamp="2018-01-18T14:05:07" hostname="DESKTOP-KO2QAKP" time="0.005">
  <properties/>
  <testcase name="testAvgSamplePoint" classname="Tests.AvgSamplePointTest" time="0.003"/>
  <testcase name="testToString" classname="Tests.AvgSamplePointTest" time="0.0"/>
  <testcase name="testGetAvgAlt" classname="Tests.AvgSamplePointTest" time="0.0"/>
  <testcase name="testGetAvgLat" classname="Tests.AvgSamplePointTest" time="0.001"/>
  <testcase name="testGetAvgLon" classname="Tests.AvgSamplePointTest" time="0.0"/>
  <system-out><![CDATA[]]></system-out>
  <system-err><![CDATA[]]></system-err>
</testsuite>
