<?xml version="1.0" encoding="UTF-8"?>
<testsuite name="Tests.KMLTest" tests="1" skipped="0" failures="0" errors="0" timestamp="2018-01-18T13:04:19" hostname="Dvir" time="1.886">
  <properties/>
  <testcase name="testMakeKML" classname="Tests.KMLTest" time="1.886"/>
  <system-out><![CDATA[]]></system-out>
  <system-err><![CDATA[]]></system-err>
</testsuite>
