<?xml version="1.0" encoding="UTF-8"?>
<testsuite name="Tests.AvgMacPointTest" tests="6" skipped="0" failures="0" errors="0" timestamp="2018-01-18T14:05:07" hostname="DESKTOP-KO2QAKP" time="0.007">
  <properties/>
  <testcase name="testGetSSID" classname="Tests.AvgMacPointTest" time="0.005"/>
  <testcase name="testGetAvgAlt" classname="Tests.AvgMacPointTest" time="0.0"/>
  <testcase name="testGetAvgLat" classname="Tests.AvgMacPointTest" time="0.0"/>
  <testcase name="testGetAvgLon" classname="Tests.AvgMacPointTest" time="0.0"/>
  <testcase name="testGetMac" classname="Tests.AvgMacPointTest" time="0.001"/>
  <testcase name="testAvgMacPoint" classname="Tests.AvgMacPointTest" time="0.0"/>
  <system-out><![CDATA[]]></system-out>
  <system-err><![CDATA[]]></system-err>
</testsuite>
